<?xml version="1.0" encoding="UTF-8"?>
<testsuites name="Execute Test" time="7.462" tests="4" failures="0" errors="0">
   <testsuite name="Execute Test" tests="4" failures="0" errors="0" time="7.462" skipped="0" timestamp="2023-06-17 17:23:02" hostname="Dicky Gustiatama - TAMA-DESKTOP" id="Test Suites/Execute Test">
      <properties>
         <property name="deviceName" value=""/>
         <property name="devicePlatform" value=""/>
         <property name="logFolder" value="D:\\Project\\Katalon Studio\\reqres-API\\Reports\\20230617_172251\\Execute Test\\20230617_172252"/>
         <property name="logFiles" value="D:\\Project\\Katalon Studio\\reqres-API\\Reports\\20230617_172251\\Execute Test\\20230617_172252\\execution0.log"/>
         <property name="attachments" value=""/>
         <property name="hostName" value="Dicky Gustiatama - TAMA-DESKTOP"/>
         <property name="hostAddress" value="192.168.0.106"/>
         <property name="os" value="Windows 10 64bit"/>
         <property name="katalonVersion" value="8.6.5.208"/>
      </properties>
      <testcase name="Test Cases/GET list user" time="0.582" classname="Test Cases/GET list user" status="PASSED">
         <system-out><![CDATA[2023-06-17 17:23:05 - [TEST_CASE][PASSED] - Test Cases/GET list user: Test Cases/GET list user

2023-06-17 17:23:05 - [TEST_STEP][PASSED] - response = sendRequest(findTestObject("01 GET list user", ["listUserPageNum":listUserPageNum])): Send request successfully

2023-06-17 17:23:06 - [MESSAGE][INFO] - HAR: D:\Project\Katalon Studio\reqres-API\Reports\20230617_172251\Execute Test\20230617_172252\requests\main\1.har

2023-06-17 17:23:06 - [MESSAGE][PASSED] - Send request successfully]]></system-out>
         <system-err><![CDATA[]]></system-err>
      </testcase>
      <testcase name="Test Cases/GET single user" time="1.572" classname="Test Cases/GET single user" status="PASSED">
         <system-out><![CDATA[2023-06-17 17:23:06 - [TEST_CASE][PASSED] - Test Cases/GET single user: Test Cases/GET single user

2023-06-17 17:23:06 - [TEST_STEP][PASSED] - response1 = sendRequest(findTestObject("02 GET single user", ["userId":userId])): Send request successfully

2023-06-17 17:23:06 - [MESSAGE][INFO] - HAR: D:\Project\Katalon Studio\reqres-API\Reports\20230617_172251\Execute Test\20230617_172252\requests\main\2.har

2023-06-17 17:23:06 - [MESSAGE][PASSED] - Send request successfully

2023-06-17 17:23:06 - [TEST_STEP][PASSED] - slurper = new groovy.json.JsonSlurper(): null

2023-06-17 17:23:06 - [TEST_STEP][PASSED] - result = slurper.parseText(response1.getResponseBodyContent()): null

2023-06-17 17:23:06 - [TEST_STEP][PASSED] - value = email: null

2023-06-17 17:23:06 - [TEST_STEP][PASSED] - println(".. value extracted is : " + value): null

2023-06-17 17:23:06 - [TEST_STEP][PASSED] - email = value: null

2023-06-17 17:23:06 - [TEST_STEP][PASSED] - println(".. Global variable is : " + email): null

2023-06-17 17:23:06 - [TEST_STEP][PASSED] - sendRequestAndVerify(findTestObject("02 GET single user")): Send request and verify the response successfully

2023-06-17 17:23:06 - [MESSAGE][INFO] - HAR: D:\Project\Katalon Studio\reqres-API\Reports\20230617_172251\Execute Test\20230617_172252\requests\main\3.har

2023-06-17 17:23:07 - [TEST_CASE][PASSED] - Start Test Case : Verification: Verification accomplished successfully

2023-06-17 17:23:07 - [TEST_STEP][PASSED] - request = getInstance().getCurrentRequest(): null

2023-06-17 17:23:07 - [TEST_STEP][PASSED] - response = getInstance().getCurrentResponse(): null

2023-06-17 17:23:07 - [TEST_STEP][PASSED] - verifyResponseStatusCode(response, 200): Verify response status code successfully

2023-06-17 17:23:07 - [MESSAGE][PASSED] - Verify response status code successfully

2023-06-17 17:23:07 - [TEST_STEP][PASSED] - getStatusCode()).isEqualTo(200): null

2023-06-17 17:23:07 - [TEST_STEP][PASSED] - verifyElementPropertyValue(response, "data.email", "janet.weaver@reqres.in"): Verify element property value successfully

2023-06-17 17:23:07 - [MESSAGE][PASSED] - Verify element property value successfully

2023-06-17 17:23:07 - [TEST_STEP][PASSED] - jsonPass = "
{
  "$id": "https://example.com/person.schema.json",
  "$schema": "https://json-schema.org/draft/2020-12/schema",
  "title": "Person",
  "type": "object",
  "properties": {
    "firstName": {
      "type": "string",
      "description": "The person's first name."
    },
    "lastName": {
      "type": "string",
      "description": "The person's last name."
    },
    "age": {
      "description": "Age in years which must be equal to or greater than zero.",
      "type": "integer",
      "minimum": 0
    }
  }
}
": null

2023-06-17 17:23:07 - [TEST_STEP][PASSED] - successful = validateJsonAgainstSchema(response, jsonPass): Validate with JSON Schema successfully

2023-06-17 17:23:07 - [MESSAGE][PASSED] - Validate with JSON Schema successfully

2023-06-17 17:23:07 - [MESSAGE][PASSED] - Verify response successfully

2023-06-17 17:23:07 - [MESSAGE][PASSED] - All validation steps have been passed

2023-06-17 17:23:07 - [MESSAGE][PASSED] - Send request and verify the response successfully]]></system-out>
         <system-err><![CDATA[]]></system-err>
      </testcase>
      <testcase name="Test Cases/PUT update" time="1.092" classname="Test Cases/PUT update" status="PASSED">
         <system-out><![CDATA[2023-06-17 17:23:07 - [TEST_CASE][PASSED] - Test Cases/PUT update: Test Cases/PUT update

2023-06-17 17:23:07 - [TEST_STEP][PASSED] - sendRequestAndVerify(findTestObject("03 PUT update", ["userId":userId])): Send request and verify the response successfully

2023-06-17 17:23:08 - [MESSAGE][INFO] - HAR: D:\Project\Katalon Studio\reqres-API\Reports\20230617_172251\Execute Test\20230617_172252\requests\main\4.har

2023-06-17 17:23:08 - [TEST_CASE][PASSED] - Start Test Case : Verification: Verification accomplished successfully

2023-06-17 17:23:08 - [TEST_STEP][PASSED] - request = getInstance().getCurrentRequest(): null

2023-06-17 17:23:08 - [TEST_STEP][PASSED] - response = getInstance().getCurrentResponse(): null

2023-06-17 17:23:08 - [MESSAGE][PASSED] - Verify response successfully

2023-06-17 17:23:08 - [MESSAGE][PASSED] - All validation steps have been passed

2023-06-17 17:23:08 - [MESSAGE][PASSED] - Send request and verify the response successfully]]></system-out>
         <system-err><![CDATA[]]></system-err>
      </testcase>
      <testcase name="Test Cases/POST register" time="0.909" classname="Test Cases/POST register" status="PASSED">
         <system-out><![CDATA[2023-06-17 17:23:08 - [TEST_CASE][PASSED] - Test Cases/POST register: Test Cases/POST register

2023-06-17 17:23:09 - [TEST_STEP][PASSED] - sendRequest(findTestObject("04 POST register", ["email":email])): Send request successfully

2023-06-17 17:23:09 - [MESSAGE][INFO] - HAR: D:\Project\Katalon Studio\reqres-API\Reports\20230617_172251\Execute Test\20230617_172252\requests\main\5.har

2023-06-17 17:23:09 - [MESSAGE][PASSED] - Send request successfully]]></system-out>
         <system-err><![CDATA[]]></system-err>
      </testcase>
      <system-out><![CDATA[2023-06-17 17:23:02 - [TEST_SUITE][ERROR] - Execute Test: Test Cases/GET list user FAILED.
Reason:
com.kms.katalon.core.exception.KatalonRuntimeException: Could not evaluate default value for variable: email of profile: default. Details: No such property: data for class: Script2
	at com.kms.katalon.core.main.TestCaseMain.getGlobalVariables(TestCaseMain.java:228)
	at com.kms.katalon.core.main.TestCaseMain$getGlobalVariables$1.call(Unknown Source)
	at internal.GlobalVariable.<clinit>(GlobalVariable.groovy:50)
	at GET list user.run(GET list user:20)
	at com.kms.katalon.core.main.ScriptEngine.run(ScriptEngine.java:194)
	at com.kms.katalon.core.main.ScriptEngine.runScriptAsRawText(ScriptEngine.java:119)
	at com.kms.katalon.core.main.TestCaseExecutor.runScript(TestCaseExecutor.java:448)
	at com.kms.katalon.core.main.TestCaseExecutor.doExecute(TestCaseExecutor.java:439)
	at com.kms.katalon.core.main.TestCaseExecutor.processExecutionPhase(TestCaseExecutor.java:418)
	at com.kms.katalon.core.main.TestCaseExecutor.accessMainPhase(TestCaseExecutor.java:410)
	at com.kms.katalon.core.main.TestCaseExecutor.execute(TestCaseExecutor.java:285)
	at com.kms.katalon.core.common.CommonExecutor.accessTestCaseMainPhase(CommonExecutor.java:65)
	at com.kms.katalon.core.main.TestSuiteExecutor.accessTestSuiteMainPhase(TestSuiteExecutor.java:148)
	at com.kms.katalon.core.main.TestSuiteExecutor.execute(TestSuiteExecutor.java:106)
	at com.kms.katalon.core.main.TestCaseMain.startTestSuite(TestCaseMain.java:187)
	at com.kms.katalon.core.main.TestCaseMain$startTestSuite$0.call(Unknown Source)
	at TempTestSuite1686997372940.run(TempTestSuite1686997372940.groovy:36)
Caused by: groovy.lang.MissingPropertyException: No such property: data for class: Script2
	at Script2.run(Script2.groovy:1)
	at com.kms.katalon.core.main.ScriptEngine.runScriptWithoutLogging(ScriptEngine.java:105)
	at com.kms.katalon.core.main.TestCaseMain.getGlobalVariables(TestCaseMain.java:226)
	at com.kms.katalon.core.main.TestCaseMain$getGlobalVariables$1.call(Unknown Source)
	at internal.GlobalVariable.<clinit>(GlobalVariable.groovy:50)
	at Script1686940798080.run(Script1686940798080.groovy:20)
	... 13 more]]></system-out>
      <system-err><![CDATA[2023-06-17 17:23:02 - [TEST_SUITE][ERROR] - Execute Test: Test Cases/GET list user FAILED.
Reason:
com.kms.katalon.core.exception.KatalonRuntimeException: Could not evaluate default value for variable: email of profile: default. Details: No such property: data for class: Script2
	at com.kms.katalon.core.main.TestCaseMain.getGlobalVariables(TestCaseMain.java:228)
	at com.kms.katalon.core.main.TestCaseMain$getGlobalVariables$1.call(Unknown Source)
	at internal.GlobalVariable.<clinit>(GlobalVariable.groovy:50)
	at GET list user.run(GET list user:20)
	at com.kms.katalon.core.main.ScriptEngine.run(ScriptEngine.java:194)
	at com.kms.katalon.core.main.ScriptEngine.runScriptAsRawText(ScriptEngine.java:119)
	at com.kms.katalon.core.main.TestCaseExecutor.runScript(TestCaseExecutor.java:448)
	at com.kms.katalon.core.main.TestCaseExecutor.doExecute(TestCaseExecutor.java:439)
	at com.kms.katalon.core.main.TestCaseExecutor.processExecutionPhase(TestCaseExecutor.java:418)
	at com.kms.katalon.core.main.TestCaseExecutor.accessMainPhase(TestCaseExecutor.java:410)
	at com.kms.katalon.core.main.TestCaseExecutor.execute(TestCaseExecutor.java:285)
	at com.kms.katalon.core.common.CommonExecutor.accessTestCaseMainPhase(CommonExecutor.java:65)
	at com.kms.katalon.core.main.TestSuiteExecutor.accessTestSuiteMainPhase(TestSuiteExecutor.java:148)
	at com.kms.katalon.core.main.TestSuiteExecutor.execute(TestSuiteExecutor.java:106)
	at com.kms.katalon.core.main.TestCaseMain.startTestSuite(TestCaseMain.java:187)
	at com.kms.katalon.core.main.TestCaseMain$startTestSuite$0.call(Unknown Source)
	at TempTestSuite1686997372940.run(TempTestSuite1686997372940.groovy:36)
Caused by: groovy.lang.MissingPropertyException: No such property: data for class: Script2
	at Script2.run(Script2.groovy:1)
	at com.kms.katalon.core.main.ScriptEngine.runScriptWithoutLogging(ScriptEngine.java:105)
	at com.kms.katalon.core.main.TestCaseMain.getGlobalVariables(TestCaseMain.java:226)
	at com.kms.katalon.core.main.TestCaseMain$getGlobalVariables$1.call(Unknown Source)
	at internal.GlobalVariable.<clinit>(GlobalVariable.groovy:50)
	at Script1686940798080.run(Script1686940798080.groovy:20)
	... 13 more]]></system-err>
   </testsuite>
</testsuites>
